# JRE version: OpenJDK Runtime Environment Temurin-21.0.10+7 (21.0.10+7) (build 21.0.10+7-LTS)
# Java VM: OpenJDK 64-Bit Server VM Temurin-21.0.10+7 (21.0.10+7-LTS, mixed mode, sharing, tiered, compressed oops, compressed class ptrs, parallel gc, windows-amd64)
GC Precious Log:
 CardTable entry size: 512
 CPUs: 12 total, 12 available
 Memory: 8002M
 Large Page Support: Disabled
 NUMA Support: Disabled
 Compressed Oops: Enabled (32-bit)
 Alignments: Space 512K, Generation 512K, Heap 2M
 Heap Min Capacity: 100M
 Heap Initial Capacity: 100M
 Heap Max Capacity: 2G
 Pre-touch: Disabled
 Parallel Workers: 10
Heap:
 PSYoungGen      total 9216K, used 4599K [0x00000000d5580000, 0x00000000d6280000, 0x0000000100000000)
  eden space 7168K, 36% used [0x00000000d5580000,0x00000000d580dfe0,0x00000000d5c80000)
  from space 2048K, 96% used [0x00000000d5f00000,0x00000000d60f0000,0x00000000d6100000)
  to   space 2560K, 0% used [0x00000000d5c80000,0x00000000d5c80000,0x00000000d5f00000)
 ParOldGen       total 148992K, used 148736K [0x0000000080000000, 0x0000000089180000, 0x00000000d5580000)
  object space 148992K, 99% used [0x0000000080000000,0x0000000089140060,0x0000000089180000)
 Metaspace       used 66289K, committed 67904K, reserved 1114112K
  class space    used 6979K, committed 7616K, reserved 1048576K
GC Heap History (20 events):
Event: 22.590 GC heap after
{Heap after GC invocations=137 (full 3):
 PSYoungGen      total 6656K, used 1028K [0x00000000d5580000, 0x00000000d5e00000, 0x0000000100000000)
  eden space 5120K, 0% used [0x00000000d5580000,0x00000000d5580000,0x00000000d5a80000)
  from space 1536K, 66% used [0x00000000d5c80000,0x00000000d5d81220,0x00000000d5e00000)
  to   space 1536K, 0% used [0x00000000d5b00000,0x00000000d5b00000,0x00000000d5c80000)
 ParOldGen       total 132096K, used 131674K [0x0000000080000000, 0x0000000088100000, 0x00000000d5580000)
  object space 132096K, 99% used [0x0000000080000000,0x0000000088096b20,0x0000000088100000)
 Metaspace       used 65910K, committed 67456K, reserved 1114112K
  class space    used 6938K, committed 7616K, reserved 1048576K
}
Event: 22.625 GC heap before
{Heap before GC invocations=138 (full 3):
 PSYoungGen      total 6656K, used 6148K [0x00000000d5580000, 0x00000000d5e00000, 0x0000000100000000)
  eden space 5120K, 100% used [0x00000000d5580000,0x00000000d5a80000,0x00000000d5a80000)
  from space 1536K, 66% used [0x00000000d5c80000,0x00000000d5d81220,0x00000000d5e00000)
  to   space 1536K, 0% used [0x00000000d5b00000,0x00000000d5b00000,0x00000000d5c80000)
 ParOldGen       total 132096K, used 131674K [0x0000000080000000, 0x0000000088100000, 0x00000000d5580000)
  object space 132096K, 99% used [0x0000000080000000,0x0000000088096b20,0x0000000088100000)
 Metaspace       used 65914K, committed 67456K, reserved 1114112K
  class space    used 6938K, committed 7616K, reserved 1048576K
}
Event: 22.627 GC heap after
{Heap after GC invocations=138 (full 3):
 PSYoungGen      total 6144K, used 647K [0x00000000d5580000, 0x00000000d5d00000, 0x0000000100000000)
  eden space 5120K, 0% used [0x00000000d5580000,0x00000000d5580000,0x00000000d5a80000)
  from space 1024K, 63% used [0x00000000d5b00000,0x00000000d5ba1f10,0x00000000d5c00000)
  to   space 1024K, 0% used [0x00000000d5c00000,0x00000000d5c00000,0x00000000d5d00000)
 ParOldGen       total 133120K, used 132647K [0x0000000080000000, 0x0000000088200000, 0x00000000d5580000)
  object space 133120K, 99% used [0x0000000080000000,0x0000000088189d50,0x0000000088200000)
 Metaspace       used 65914K, committed 67456K, reserved 1114112K
  class space    used 6938K, committed 7616K, reserved 1048576K
}
Event: 22.678 GC heap before
{Heap before GC invocations=139 (full 3):
 PSYoungGen      total 6144K, used 5767K [0x00000000d5580000, 0x00000000d5d00000, 0x0000000100000000)
  eden space 5120K, 100% used [0x00000000d5580000,0x00000000d5a80000,0x00000000d5a80000)
  from space 1024K, 63% used [0x00000000d5b00000,0x00000000d5ba1f10,0x00000000d5c00000)
  to   space 1024K, 0% used [0x00000000d5c00000,0x00000000d5c00000,0x00000000d5d00000)
 ParOldGen       total 133120K, used 132647K [0x0000000080000000, 0x0000000088200000, 0x00000000d5580000)
  object space 133120K, 99% used [0x0000000080000000,0x0000000088189d50,0x0000000088200000)
 Metaspace       used 65956K, committed 67520K, reserved 1114112K
  class space    used 6941K, committed 7616K, reserved 1048576K
}
Event: 22.681 GC heap after
{Heap after GC invocations=139 (full 3):
 PSYoungGen      total 6144K, used 768K [0x00000000d5580000, 0x00000000d5d00000, 0x0000000100000000)
  eden space 5120K, 0% used [0x00000000d5580000,0x00000000d5580000,0x00000000d5a80000)
  from space 1024K, 75% used [0x00000000d5c00000,0x00000000d5cc0000,0x00000000d5d00000)
  to   space 1024K, 0% used [0x00000000d5b00000,0x00000000d5b00000,0x00000000d5c00000)
 ParOldGen       total 133120K, used 133071K [0x0000000080000000, 0x0000000088200000, 0x00000000d5580000)
  object space 133120K, 99% used [0x0000000080000000,0x00000000881f3d50,0x0000000088200000)
 Metaspace       used 65956K, committed 67520K, reserved 1114112K
  class space    used 6941K, committed 7616K, reserved 1048576K
}
Event: 22.718 GC heap before
{Heap before GC invocations=140 (full 3):
 PSYoungGen      total 6144K, used 5888K [0x00000000d5580000, 0x00000000d5d00000, 0x0000000100000000)
  eden space 5120K, 100% used [0x00000000d5580000,0x00000000d5a80000,0x00000000d5a80000)
  from space 1024K, 75% used [0x00000000d5c00000,0x00000000d5cc0000,0x00000000d5d00000)
  to   space 1024K, 0% used [0x00000000d5b00000,0x00000000d5b00000,0x00000000d5c00000)
 ParOldGen       total 133120K, used 133071K [0x0000000080000000, 0x0000000088200000, 0x00000000d5580000)
  object space 133120K, 99% used [0x0000000080000000,0x00000000881f3d50,0x0000000088200000)
 Metaspace       used 65971K, committed 67520K, reserved 1114112K
  class space    used 6942K, committed 7616K, reserved 1048576K
}
Event: 22.723 GC heap after
{Heap after GC invocations=140 (full 3):
 PSYoungGen      total 6144K, used 1008K [0x00000000d5580000, 0x00000000d5e80000, 0x0000000100000000)
  eden space 5120K, 0% used [0x00000000d5580000,0x00000000d5580000,0x00000000d5a80000)
  from space 1024K, 98% used [0x00000000d5b00000,0x00000000d5bfc010,0x00000000d5c00000)
  to   space 2048K, 0% used [0x00000000d5c80000,0x00000000d5c80000,0x00000000d5e80000)
 ParOldGen       total 134144K, used 133852K [0x0000000080000000, 0x0000000088300000, 0x00000000d5580000)
  object space 134144K, 99% used [0x0000000080000000,0x00000000882b7270,0x0000000088300000)
 Metaspace       used 65971K, committed 67520K, reserved 1114112K
  class space    used 6942K, committed 7616K, reserved 1048576K
}
Event: 22.778 GC heap before
{Heap before GC invocations=141 (full 3):
 PSYoungGen      total 6144K, used 6128K [0x00000000d5580000, 0x00000000d5e80000, 0x0000000100000000)
  eden space 5120K, 100% used [0x00000000d5580000,0x00000000d5a80000,0x00000000d5a80000)
  from space 1024K, 98% used [0x00000000d5b00000,0x00000000d5bfc010,0x00000000d5c00000)
  to   space 2048K, 0% used [0x00000000d5c80000,0x00000000d5c80000,0x00000000d5e80000)
 ParOldGen       total 134144K, used 133852K [0x0000000080000000, 0x0000000088300000, 0x00000000d5580000)
  object space 134144K, 99% used [0x0000000080000000,0x00000000882b7270,0x0000000088300000)
 Metaspace       used 65989K, committed 67520K, reserved 1114112K
  class space    used 6942K, committed 7616K, reserved 1048576K
}
Event: 22.781 GC heap after
{Heap after GC invocations=141 (full 3):
 PSYoungGen      total 6144K, used 826K [0x00000000d5580000, 0x00000000d5d80000, 0x0000000100000000)
  eden space 5120K, 0% used [0x00000000d5580000,0x00000000d5580000,0x00000000d5a80000)
  from space 1024K, 80% used [0x00000000d5c80000,0x00000000d5d4e900,0x00000000d5d80000)
  to   space 1536K, 0% used [0x00000000d5a80000,0x00000000d5a80000,0x00000000d5c00000)
 ParOldGen       total 135168K, used 134748K [0x0000000080000000, 0x0000000088400000, 0x00000000d5580000)
  object space 135168K, 99% used [0x0000000080000000,0x00000000883972b0,0x0000000088400000)
 Metaspace       used 65989K, committed 67520K, reserved 1114112K
  class space    used 6942K, committed 7616K, reserved 1048576K
}
Event: 22.805 GC heap before
{Heap before GC invocations=142 (full 3):
 PSYoungGen      total 6144K, used 5946K [0x00000000d5580000, 0x00000000d5d80000, 0x0000000100000000)
  eden space 5120K, 100% used [0x00000000d5580000,0x00000000d5a80000,0x00000000d5a80000)
  from space 1024K, 80% used [0x00000000d5c80000,0x00000000d5d4e900,0x00000000d5d80000)
  to   space 1536K, 0% used [0x00000000d5a80000,0x00000000d5a80000,0x00000000d5c00000)
 ParOldGen       total 135168K, used 134748K [0x0000000080000000, 0x0000000088400000, 0x00000000d5580000)
  object space 135168K, 99% used [0x0000000080000000,0x00000000883972b0,0x0000000088400000)
 Metaspace       used 66001K, committed 67584K, reserved 1114112K
  class space    used 6942K, committed 7616K, reserved 1048576K
}
Event: 22.810 GC heap after
{Heap after GC invocations=142 (full 3):
 PSYoungGen      total 6656K, used 1506K [0x00000000d5580000, 0x00000000d6180000, 0x0000000100000000)
  eden space 5120K, 0% used [0x00000000d5580000,0x00000000d5580000,0x00000000d5a80000)
  from space 1536K, 98% used [0x00000000d5a80000,0x00000000d5bf8bb8,0x00000000d5c00000)
  to   space 3584K, 0% used [0x00000000d5e00000,0x00000000d5e00000,0x00000000d6180000)
 ParOldGen       total 136704K, used 136288K [0x0000000080000000, 0x0000000088580000, 0x00000000d5580000)
  object space 136704K, 99% used [0x0000000080000000,0x0000000088518308,0x0000000088580000)
 Metaspace       used 66001K, committed 67584K, reserved 1114112K
  class space    used 6942K, committed 7616K, reserved 1048576K
}
Event: 22.825 GC heap before
{Heap before GC invocations=143 (full 3):
 PSYoungGen      total 6656K, used 6626K [0x00000000d5580000, 0x00000000d6180000, 0x0000000100000000)
  eden space 5120K, 100% used [0x00000000d5580000,0x00000000d5a80000,0x00000000d5a80000)
  from space 1536K, 98% used [0x00000000d5a80000,0x00000000d5bf8bb8,0x00000000d5c00000)
  to   space 3584K, 0% used [0x00000000d5e00000,0x00000000d5e00000,0x00000000d6180000)
 ParOldGen       total 136704K, used 136288K [0x0000000080000000, 0x0000000088580000, 0x00000000d5580000)
  object space 136704K, 99% used [0x0000000080000000,0x0000000088518308,0x0000000088580000)
 Metaspace       used 66003K, committed 67584K, reserved 1114112K
  class space    used 6942K, committed 7616K, reserved 1048576K
}
Event: 22.829 GC heap after
{Heap after GC invocations=143 (full 3):
 PSYoungGen      total 6656K, used 1536K [0x00000000d5580000, 0x00000000d5f80000, 0x0000000100000000)
  eden space 5120K, 0% used [0x00000000d5580000,0x00000000d5580000,0x00000000d5a80000)
  from space 1536K, 100% used [0x00000000d5e00000,0x00000000d5f80000,0x00000000d5f80000)
  to   space 2560K, 0% used [0x00000000d5a80000,0x00000000d5a80000,0x00000000d5d00000)
 ParOldGen       total 138240K, used 137843K [0x0000000080000000, 0x0000000088700000, 0x00000000d5580000)
  object space 138240K, 99% used [0x0000000080000000,0x000000008869cec0,0x0000000088700000)
 Metaspace       used 66003K, committed 67584K, reserved 1114112K
  class space    used 6942K, committed 7616K, reserved 1048576K
}
Event: 22.846 GC heap before
{Heap before GC invocations=144 (full 3):
 PSYoungGen      total 6656K, used 6656K [0x00000000d5580000, 0x00000000d5f80000, 0x0000000100000000)
  eden space 5120K, 100% used [0x00000000d5580000,0x00000000d5a80000,0x00000000d5a80000)
  from space 1536K, 100% used [0x00000000d5e00000,0x00000000d5f80000,0x00000000d5f80000)
  to   space 2560K, 0% used [0x00000000d5a80000,0x00000000d5a80000,0x00000000d5d00000)
 ParOldGen       total 138240K, used 137843K [0x0000000080000000, 0x0000000088700000, 0x00000000d5580000)
  object space 138240K, 99% used [0x0000000080000000,0x000000008869cec0,0x0000000088700000)
 Metaspace       used 66034K, committed 67584K, reserved 1114112K
  class space    used 6944K, committed 7616K, reserved 1048576K
}
Event: 22.851 GC heap after
{Heap after GC invocations=144 (full 3):
 PSYoungGen      total 7680K, used 2240K [0x00000000d5580000, 0x00000000d5f80000, 0x0000000100000000)
  eden space 5120K, 0% used [0x00000000d5580000,0x00000000d5580000,0x00000000d5a80000)
  from space 2560K, 87% used [0x00000000d5a80000,0x00000000d5cb0000,0x00000000d5d00000)
  to   space 2560K, 0% used [0x00000000d5d00000,0x00000000d5d00000,0x00000000d5f80000)
 ParOldGen       total 139264K, used 139227K [0x0000000080000000, 0x0000000088800000, 0x00000000d5580000)
  object space 139264K, 99% used [0x0000000080000000,0x00000000887f6ec0,0x0000000088800000)
 Metaspace       used 66034K, committed 67584K, reserved 1114112K
  class space    used 6944K, committed 7616K, reserved 1048576K
}
Event: 22.897 GC heap before
{Heap before GC invocations=145 (full 3):
 PSYoungGen      total 7680K, used 7360K [0x00000000d5580000, 0x00000000d5f80000, 0x0000000100000000)
  eden space 5120K, 100% used [0x00000000d5580000,0x00000000d5a80000,0x00000000d5a80000)
  from space 2560K, 87% used [0x00000000d5a80000,0x00000000d5cb0000,0x00000000d5d00000)
  to   space 2560K, 0% used [0x00000000d5d00000,0x00000000d5d00000,0x00000000d5f80000)
 ParOldGen       total 139264K, used 139227K [0x0000000080000000, 0x0000000088800000, 0x00000000d5580000)
  object space 139264K, 99% used [0x0000000080000000,0x00000000887f6ec0,0x0000000088800000)
 Metaspace       used 66082K, committed 67648K, reserved 1114112K
  class space    used 6952K, committed 7616K, reserved 1048576K
}
Event: 22.901 GC heap after
{Heap after GC invocations=145 (full 3):
 PSYoungGen      total 7680K, used 2224K [0x00000000d5580000, 0x00000000d5f80000, 0x0000000100000000)
  eden space 5120K, 0% used [0x00000000d5580000,0x00000000d5580000,0x00000000d5a80000)
  from space 2560K, 86% used [0x00000000d5d00000,0x00000000d5f2c010,0x00000000d5f80000)
  to   space 2560K, 0% used [0x00000000d5a80000,0x00000000d5a80000,0x00000000d5d00000)
 ParOldGen       total 141312K, used 141283K [0x0000000080000000, 0x0000000088a00000, 0x00000000d5580000)
  object space 141312K, 99% used [0x0000000080000000,0x00000000889f8ec0,0x0000000088a00000)
 Metaspace       used 66082K, committed 67648K, reserved 1114112K
  class space    used 6952K, committed 7616K, reserved 1048576K
}
Event: 22.929 GC heap before
{Heap before GC invocations=146 (full 3):
 PSYoungGen      total 7680K, used 7319K [0x00000000d5580000, 0x00000000d5f80000, 0x0000000100000000)
  eden space 5120K, 99% used [0x00000000d5580000,0x00000000d5a79f08,0x00000000d5a80000)
  from space 2560K, 86% used [0x00000000d5d00000,0x00000000d5f2c010,0x00000000d5f80000)
  to   space 2560K, 0% used [0x00000000d5a80000,0x00000000d5a80000,0x00000000d5d00000)
 ParOldGen       total 141312K, used 141283K [0x0000000080000000, 0x0000000088a00000, 0x00000000d5580000)
  object space 141312K, 99% used [0x0000000080000000,0x00000000889f8ec0,0x0000000088a00000)
 Metaspace       used 66137K, committed 67648K, reserved 1114112K
  class space    used 6959K, committed 7616K, reserved 1048576K
}
Event: 22.934 GC heap after
{Heap after GC invocations=146 (full 3):
 PSYoungGen      total 7680K, used 2551K [0x00000000d5580000, 0x00000000d6580000, 0x0000000100000000)
  eden space 5120K, 0% used [0x00000000d5580000,0x00000000d5580000,0x00000000d5a80000)
  from space 2560K, 99% used [0x00000000d5a80000,0x00000000d5cfde00,0x00000000d5d00000)
  to   space 5632K, 0% used [0x00000000d6000000,0x00000000d6000000,0x00000000d6580000)
 ParOldGen       total 143872K, used 143595K [0x0000000080000000, 0x0000000088c80000, 0x00000000d5580000)
  object space 143872K, 99% used [0x0000000080000000,0x0000000088c3aee0,0x0000000088c80000)
 Metaspace       used 66137K, committed 67648K, reserved 1114112K
  class space    used 6959K, committed 7616K, reserved 1048576K
}
Event: 22.965 GC heap before
{Heap before GC invocations=147 (full 3):
 PSYoungGen      total 7680K, used 7671K [0x00000000d5580000, 0x00000000d6580000, 0x0000000100000000)
  eden space 5120K, 100% used [0x00000000d5580000,0x00000000d5a80000,0x00000000d5a80000)
  from space 2560K, 99% used [0x00000000d5a80000,0x00000000d5cfde00,0x00000000d5d00000)
  to   space 5632K, 0% used [0x00000000d6000000,0x00000000d6000000,0x00000000d6580000)
 ParOldGen       total 143872K, used 143595K [0x0000000080000000, 0x0000000088c80000, 0x00000000d5580000)
  object space 143872K, 99% used [0x0000000080000000,0x0000000088c3aee0,0x0000000088c80000)
 Metaspace       used 66211K, committed 67712K, reserved 1114112K
  class space    used 6970K, committed 7616K, reserved 1048576K
}

