# JRE version: OpenJDK Runtime Environment Temurin-17.0.15+6 (17.0.15+6) (build 17.0.15+6)
# Java VM: OpenJDK 64-Bit Server VM Temurin-17.0.15+6 (17.0.15+6, mixed mode, sharing, tiered, compressed oops, compressed class ptrs, g1 gc, windows-amd64)
GC Precious Log:
 CPUs: 12 total, 12 available
 Memory: 8002M
 Large Page Support: Disabled
 NUMA Support: Disabled
 Compressed Oops: Enabled (32-bit)
 Heap Region Size: 1M
 Heap Min Capacity: 8M
 Heap Initial Capacity: 126M
 Heap Max Capacity: 2002M
 Pre-touch: Disabled
 Parallel Workers: 10
 Concurrent Workers: 3
 Concurrent Refinement Workers: 10
 Periodic GC: Disabled
Heap:
 garbage-first heap   total 51200K, used 22333K [0x0000000082e00000, 0x0000000100000000)
  region size 1024K, 7 young (7168K), 1 survivors (1024K)
 Metaspace       used 26431K, committed 26752K, reserved 1114112K
  class space    used 3101K, committed 3264K, reserved 1048576K
GC Heap History (12 events):
Event: 1.383 GC heap before
{Heap before GC invocations=0 (full 0):
 garbage-first heap   total 129024K, used 22528K [0x0000000082e00000, 0x0000000100000000)
  region size 1024K, 23 young (23552K), 0 survivors (0K)
 Metaspace       used 5391K, committed 5568K, reserved 1114112K
  class space    used 646K, committed 768K, reserved 1048576K
}
Event: 1.391 GC heap after
{Heap after GC invocations=1 (full 0):
 garbage-first heap   total 129024K, used 3667K [0x0000000082e00000, 0x0000000100000000)
  region size 1024K, 3 young (3072K), 3 survivors (3072K)
 Metaspace       used 5391K, committed 5568K, reserved 1114112K
  class space    used 646K, committed 768K, reserved 1048576K
}
Event: 2.638 GC heap before
{Heap before GC invocations=1 (full 0):
 garbage-first heap   total 129024K, used 35411K [0x0000000082e00000, 0x0000000100000000)
  region size 1024K, 34 young (34816K), 3 survivors (3072K)
 Metaspace       used 9157K, committed 9344K, reserved 1114112K
  class space    used 1106K, committed 1216K, reserved 1048576K
}
Event: 2.649 GC heap after
{Heap after GC invocations=2 (full 0):
 garbage-first heap   total 129024K, used 5136K [0x0000000082e00000, 0x0000000100000000)
  region size 1024K, 2 young (2048K), 2 survivors (2048K)
 Metaspace       used 9157K, committed 9344K, reserved 1114112K
  class space    used 1106K, committed 1216K, reserved 1048576K
}
Event: 6.346 GC heap before
{Heap before GC invocations=2 (full 0):
 garbage-first heap   total 129024K, used 70672K [0x0000000082e00000, 0x0000000100000000)
  region size 1024K, 67 young (68608K), 2 survivors (2048K)
 Metaspace       used 21277K, committed 21504K, reserved 1114112K
  class space    used 2592K, committed 2688K, reserved 1048576K
}
Event: 6.372 GC heap after
{Heap after GC invocations=3 (full 0):
 garbage-first heap   total 129024K, used 13810K [0x0000000082e00000, 0x0000000100000000)
  region size 1024K, 10 young (10240K), 10 survivors (10240K)
 Metaspace       used 21277K, committed 21504K, reserved 1114112K
  class space    used 2592K, committed 2688K, reserved 1048576K
}
Event: 9.495 GC heap before
{Heap before GC invocations=4 (full 0):
 garbage-first heap   total 51200K, used 33266K [0x0000000082e00000, 0x0000000100000000)
  region size 1024K, 30 young (30720K), 10 survivors (10240K)
 Metaspace       used 23770K, committed 24064K, reserved 1114112K
  class space    used 2855K, committed 3008K, reserved 1048576K
}
Event: 9.550 GC heap after
{Heap after GC invocations=5 (full 0):
 garbage-first heap   total 51200K, used 15454K [0x0000000082e00000, 0x0000000100000000)
  region size 1024K, 2 young (2048K), 2 survivors (2048K)
 Metaspace       used 23770K, committed 24064K, reserved 1114112K
  class space    used 2855K, committed 3008K, reserved 1048576K
}
Event: 9.641 GC heap before
{Heap before GC invocations=5 (full 0):
 garbage-first heap   total 51200K, used 16478K [0x0000000082e00000, 0x0000000100000000)
  region size 1024K, 3 young (3072K), 2 survivors (2048K)
 Metaspace       used 23785K, committed 24064K, reserved 1114112K
  class space    used 2855K, committed 3008K, reserved 1048576K
}
Event: 9.659 GC heap after
{Heap after GC invocations=6 (full 0):
 garbage-first heap   total 51200K, used 15980K [0x0000000082e00000, 0x0000000100000000)
  region size 1024K, 1 young (1024K), 1 survivors (1024K)
 Metaspace       used 23785K, committed 24064K, reserved 1114112K
  class space    used 2855K, committed 3008K, reserved 1048576K
}
Event: 13.221 GC heap before
{Heap before GC invocations=6 (full 0):
 garbage-first heap   total 51200K, used 36460K [0x0000000082e00000, 0x0000000100000000)
  region size 1024K, 21 young (21504K), 1 survivors (1024K)
 Metaspace       used 24478K, committed 24704K, reserved 1114112K
  class space    used 2894K, committed 3008K, reserved 1048576K
}
Event: 13.230 GC heap after
{Heap after GC invocations=7 (full 0):
 garbage-first heap   total 51200K, used 16189K [0x0000000082e00000, 0x0000000100000000)
  region size 1024K, 1 young (1024K), 1 survivors (1024K)
 Metaspace       used 24478K, committed 24704K, reserved 1114112K
  class space    used 2894K, committed 3008K, reserved 1048576K
}

