# JRE version: OpenJDK Runtime Environment Temurin-21.0.10+7 (21.0.10+7) (build 21.0.10+7-LTS)
# Java VM: OpenJDK 64-Bit Server VM Temurin-21.0.10+7 (21.0.10+7-LTS, mixed mode, sharing, tiered, compressed oops, compressed class ptrs, parallel gc, windows-amd64)
GC Precious Log:
 CardTable entry size: 512
 CPUs: 12 total, 12 available
 Memory: 8002M
 Large Page Support: Disabled
 NUMA Support: Disabled
 Compressed Oops: Enabled (32-bit)
 Alignments: Space 512K, Generation 512K, Heap 2M
 Heap Min Capacity: 100M
 Heap Initial Capacity: 100M
 Heap Max Capacity: 2G
 Pre-touch: Disabled
 Parallel Workers: 10
Heap:
 PSYoungGen      total 2048K, used 489K [0x00000000d5580000, 0x00000000d5880000, 0x0000000100000000)
  eden space 1536K, 6% used [0x00000000d5580000,0x00000000d559a408,0x00000000d5700000)
  from space 512K, 75% used [0x00000000d5800000,0x00000000d5860000,0x00000000d5880000)
  to   space 512K, 0% used [0x00000000d5780000,0x00000000d5780000,0x00000000d5800000)
 ParOldGen       total 198144K, used 197794K [0x0000000080000000, 0x000000008c180000, 0x00000000d5580000)
  object space 198144K, 99% used [0x0000000080000000,0x000000008c128a40,0x000000008c180000)
 Metaspace       used 68161K, committed 69632K, reserved 1114112K
  class space    used 7167K, committed 7808K, reserved 1048576K
GC Heap History (20 events):
Event: 26.018 GC heap before
{Heap before GC invocations=286 (full 3):
 PSYoungGen      total 2560K, used 1902K [0x00000000d5580000, 0x00000000d5a00000, 0x0000000100000000)
  eden space 2048K, 79% used [0x00000000d5580000,0x00000000d5715030,0x00000000d5780000)
  from space 512K, 55% used [0x00000000d5980000,0x00000000d59c6900,0x00000000d5a00000)
  to   space 1024K, 0% used [0x00000000d5800000,0x00000000d5800000,0x00000000d5900000)
 ParOldGen       total 189952K, used 189761K [0x0000000080000000, 0x000000008b980000, 0x00000000d5580000)
  object space 189952K, 99% used [0x0000000080000000,0x000000008b950628,0x000000008b980000)
 Metaspace       used 68032K, committed 69504K, reserved 1114112K
  class space    used 7161K, committed 7808K, reserved 1048576K
}
Event: 26.021 GC heap after
{Heap after GC invocations=286 (full 3):
 PSYoungGen      total 3072K, used 722K [0x00000000d5580000, 0x00000000d5a00000, 0x0000000100000000)
  eden space 2048K, 0% used [0x00000000d5580000,0x00000000d5580000,0x00000000d5780000)
  from space 1024K, 70% used [0x00000000d5800000,0x00000000d58b4878,0x00000000d5900000)
  to   space 1024K, 0% used [0x00000000d5900000,0x00000000d5900000,0x00000000d5a00000)
 ParOldGen       total 189952K, used 189910K [0x0000000080000000, 0x000000008b980000, 0x00000000d5580000)
  object space 189952K, 99% used [0x0000000080000000,0x000000008b975828,0x000000008b980000)
 Metaspace       used 68032K, committed 69504K, reserved 1114112K
  class space    used 7161K, committed 7808K, reserved 1048576K
}
Event: 26.030 GC heap before
{Heap before GC invocations=287 (full 3):
 PSYoungGen      total 3072K, used 2053K [0x00000000d5580000, 0x00000000d5a00000, 0x0000000100000000)
  eden space 2048K, 65% used [0x00000000d5580000,0x00000000d56cce20,0x00000000d5780000)
  from space 1024K, 70% used [0x00000000d5800000,0x00000000d58b4878,0x00000000d5900000)
  to   space 1024K, 0% used [0x00000000d5900000,0x00000000d5900000,0x00000000d5a00000)
 ParOldGen       total 189952K, used 189910K [0x0000000080000000, 0x000000008b980000, 0x00000000d5580000)
  object space 189952K, 99% used [0x0000000080000000,0x000000008b975828,0x000000008b980000)
 Metaspace       used 68032K, committed 69504K, reserved 1114112K
  class space    used 7161K, committed 7808K, reserved 1048576K
}
Event: 26.033 GC heap after
{Heap after GC invocations=287 (full 3):
 PSYoungGen      total 2560K, used 1008K [0x00000000d5580000, 0x00000000d5b80000, 0x0000000100000000)
  eden space 1536K, 0% used [0x00000000d5580000,0x00000000d5580000,0x00000000d5700000)
  from space 1024K, 98% used [0x00000000d5900000,0x00000000d59fc0d8,0x00000000d5a00000)
  to   space 2048K, 0% used [0x00000000d5700000,0x00000000d5700000,0x00000000d5900000)
 ParOldGen       total 190976K, used 190612K [0x0000000080000000, 0x000000008ba80000, 0x00000000d5580000)
  object space 190976K, 99% used [0x0000000080000000,0x000000008ba250d8,0x000000008ba80000)
 Metaspace       used 68032K, committed 69504K, reserved 1114112K
  class space    used 7161K, committed 7808K, reserved 1048576K
}
Event: 26.047 GC heap before
{Heap before GC invocations=288 (full 3):
 PSYoungGen      total 2560K, used 2517K [0x00000000d5580000, 0x00000000d5b80000, 0x0000000100000000)
  eden space 1536K, 98% used [0x00000000d5580000,0x00000000d56f93f0,0x00000000d5700000)
  from space 1024K, 98% used [0x00000000d5900000,0x00000000d59fc0d8,0x00000000d5a00000)
  to   space 2048K, 0% used [0x00000000d5700000,0x00000000d5700000,0x00000000d5900000)
 ParOldGen       total 190976K, used 190612K [0x0000000080000000, 0x000000008ba80000, 0x00000000d5580000)
  object space 190976K, 99% used [0x0000000080000000,0x000000008ba250d8,0x000000008ba80000)
 Metaspace       used 68032K, committed 69504K, reserved 1114112K
  class space    used 7161K, committed 7808K, reserved 1048576K
}
Event: 26.049 GC heap after
{Heap after GC invocations=288 (full 3):
 PSYoungGen      total 3584K, used 1570K [0x00000000d5580000, 0x00000000d5b00000, 0x0000000100000000)
  eden space 1536K, 0% used [0x00000000d5580000,0x00000000d5580000,0x00000000d5700000)
  from space 2048K, 76% used [0x00000000d5700000,0x00000000d5888868,0x00000000d5900000)
  to   space 2048K, 0% used [0x00000000d5900000,0x00000000d5900000,0x00000000d5b00000)
 ParOldGen       total 192000K, used 191612K [0x0000000080000000, 0x000000008bb80000, 0x00000000d5580000)
  object space 192000K, 99% used [0x0000000080000000,0x000000008bb1f1c0,0x000000008bb80000)
 Metaspace       used 68032K, committed 69504K, reserved 1114112K
  class space    used 7161K, committed 7808K, reserved 1048576K
}
Event: 26.065 GC heap before
{Heap before GC invocations=289 (full 3):
 PSYoungGen      total 3584K, used 3106K [0x00000000d5580000, 0x00000000d5b00000, 0x0000000100000000)
  eden space 1536K, 100% used [0x00000000d5580000,0x00000000d5700000,0x00000000d5700000)
  from space 2048K, 76% used [0x00000000d5700000,0x00000000d5888868,0x00000000d5900000)
  to   space 2048K, 0% used [0x00000000d5900000,0x00000000d5900000,0x00000000d5b00000)
 ParOldGen       total 192000K, used 191612K [0x0000000080000000, 0x000000008bb80000, 0x00000000d5580000)
  object space 192000K, 99% used [0x0000000080000000,0x000000008bb1f1c0,0x000000008bb80000)
 Metaspace       used 68032K, committed 69504K, reserved 1114112K
  class space    used 7161K, committed 7808K, reserved 1048576K
}
Event: 26.068 GC heap after
{Heap after GC invocations=289 (full 3):
 PSYoungGen      total 3072K, used 1353K [0x00000000d5580000, 0x00000000d5a80000, 0x0000000100000000)
  eden space 1536K, 0% used [0x00000000d5580000,0x00000000d5580000,0x00000000d5700000)
  from space 1536K, 88% used [0x00000000d5900000,0x00000000d5a526b8,0x00000000d5a80000)
  to   space 1536K, 0% used [0x00000000d5780000,0x00000000d5780000,0x00000000d5900000)
 ParOldGen       total 193536K, used 193024K [0x0000000080000000, 0x000000008bd00000, 0x00000000d5580000)
  object space 193536K, 99% used [0x0000000080000000,0x000000008bc80288,0x000000008bd00000)
 Metaspace       used 68032K, committed 69504K, reserved 1114112K
  class space    used 7161K, committed 7808K, reserved 1048576K
}
Event: 26.086 GC heap before
{Heap before GC invocations=290 (full 3):
 PSYoungGen      total 3072K, used 2889K [0x00000000d5580000, 0x00000000d5a80000, 0x0000000100000000)
  eden space 1536K, 100% used [0x00000000d5580000,0x00000000d5700000,0x00000000d5700000)
  from space 1536K, 88% used [0x00000000d5900000,0x00000000d5a526b8,0x00000000d5a80000)
  to   space 1536K, 0% used [0x00000000d5780000,0x00000000d5780000,0x00000000d5900000)
 ParOldGen       total 193536K, used 193024K [0x0000000080000000, 0x000000008bd00000, 0x00000000d5580000)
  object space 193536K, 99% used [0x0000000080000000,0x000000008bc80288,0x000000008bd00000)
 Metaspace       used 68032K, committed 69504K, reserved 1114112K
  class space    used 7161K, committed 7808K, reserved 1048576K
}
Event: 26.090 GC heap after
{Heap after GC invocations=290 (full 3):
 PSYoungGen      total 3072K, used 1281K [0x00000000d5580000, 0x00000000d5a00000, 0x0000000100000000)
  eden space 1536K, 0% used [0x00000000d5580000,0x00000000d5580000,0x00000000d5700000)
  from space 1536K, 83% used [0x00000000d5780000,0x00000000d58c0790,0x00000000d5900000)
  to   space 1024K, 0% used [0x00000000d5900000,0x00000000d5900000,0x00000000d5a00000)
 ParOldGen       total 194560K, used 194247K [0x0000000080000000, 0x000000008be00000, 0x00000000d5580000)
  object space 194560K, 99% used [0x0000000080000000,0x000000008bdb1e80,0x000000008be00000)
 Metaspace       used 68032K, committed 69504K, reserved 1114112K
  class space    used 7161K, committed 7808K, reserved 1048576K
}
Event: 26.114 GC heap before
{Heap before GC invocations=291 (full 3):
 PSYoungGen      total 3072K, used 2817K [0x00000000d5580000, 0x00000000d5a00000, 0x0000000100000000)
  eden space 1536K, 100% used [0x00000000d5580000,0x00000000d5700000,0x00000000d5700000)
  from space 1536K, 83% used [0x00000000d5780000,0x00000000d58c0790,0x00000000d5900000)
  to   space 1024K, 0% used [0x00000000d5900000,0x00000000d5900000,0x00000000d5a00000)
 ParOldGen       total 194560K, used 194247K [0x0000000080000000, 0x000000008be00000, 0x00000000d5580000)
  object space 194560K, 99% used [0x0000000080000000,0x000000008bdb1e80,0x000000008be00000)
 Metaspace       used 68032K, committed 69504K, reserved 1114112K
  class space    used 7161K, committed 7808K, reserved 1048576K
}
Event: 26.117 GC heap after
{Heap after GC invocations=291 (full 3):
 PSYoungGen      total 1536K, used 1015K [0x00000000d5580000, 0x00000000d5d00000, 0x0000000100000000)
  eden space 512K, 0% used [0x00000000d5580000,0x00000000d5580000,0x00000000d5600000)
  from space 1024K, 99% used [0x00000000d5900000,0x00000000d59fdca0,0x00000000d5a00000)
  to   space 3072K, 0% used [0x00000000d5600000,0x00000000d5600000,0x00000000d5900000)
 ParOldGen       total 196096K, used 195707K [0x0000000080000000, 0x000000008bf80000, 0x00000000d5580000)
  object space 196096K, 99% used [0x0000000080000000,0x000000008bf1edc8,0x000000008bf80000)
 Metaspace       used 68032K, committed 69504K, reserved 1114112K
  class space    used 7161K, committed 7808K, reserved 1048576K
}
Event: 26.130 GC heap before
{Heap before GC invocations=292 (full 3):
 PSYoungGen      total 1536K, used 1481K [0x00000000d5580000, 0x00000000d5d00000, 0x0000000100000000)
  eden space 512K, 91% used [0x00000000d5580000,0x00000000d55f4a50,0x00000000d5600000)
  from space 1024K, 99% used [0x00000000d5900000,0x00000000d59fdca0,0x00000000d5a00000)
  to   space 3072K, 0% used [0x00000000d5600000,0x00000000d5600000,0x00000000d5900000)
 ParOldGen       total 196096K, used 195707K [0x0000000080000000, 0x000000008bf80000, 0x00000000d5580000)
  object space 196096K, 99% used [0x0000000080000000,0x000000008bf1edc8,0x000000008bf80000)
 Metaspace       used 68032K, committed 69504K, reserved 1114112K
  class space    used 7161K, committed 7808K, reserved 1048576K
}
Event: 26.133 GC heap after
{Heap after GC invocations=292 (full 3):
 PSYoungGen      total 1024K, used 492K [0x00000000d5580000, 0x00000000d5980000, 0x0000000100000000)
  eden space 512K, 0% used [0x00000000d5580000,0x00000000d5580000,0x00000000d5600000)
  from space 512K, 96% used [0x00000000d5600000,0x00000000d567b3a0,0x00000000d5680000)
  to   space 1536K, 0% used [0x00000000d5800000,0x00000000d5800000,0x00000000d5980000)
 ParOldGen       total 197120K, used 196679K [0x0000000080000000, 0x000000008c080000, 0x00000000d5580000)
  object space 197120K, 99% used [0x0000000080000000,0x000000008c011d80,0x000000008c080000)
 Metaspace       used 68032K, committed 69504K, reserved 1114112K
  class space    used 7161K, committed 7808K, reserved 1048576K
}
Event: 26.138 GC heap before
{Heap before GC invocations=293 (full 3):
 PSYoungGen      total 1024K, used 1004K [0x00000000d5580000, 0x00000000d5980000, 0x0000000100000000)
  eden space 512K, 99% used [0x00000000d5580000,0x00000000d55ffff8,0x00000000d5600000)
  from space 512K, 96% used [0x00000000d5600000,0x00000000d567b3a0,0x00000000d5680000)
  to   space 1536K, 0% used [0x00000000d5800000,0x00000000d5800000,0x00000000d5980000)
 ParOldGen       total 197120K, used 196679K [0x0000000080000000, 0x000000008c080000, 0x00000000d5580000)
  object space 197120K, 99% used [0x0000000080000000,0x000000008c011d80,0x000000008c080000)
 Metaspace       used 68039K, committed 69504K, reserved 1114112K
  class space    used 7161K, committed 7808K, reserved 1048576K
}
Event: 26.141 GC heap after
{Heap after GC invocations=293 (full 3):
 PSYoungGen      total 1536K, used 574K [0x00000000d5580000, 0x00000000d5900000, 0x0000000100000000)
  eden space 512K, 0% used [0x00000000d5580000,0x00000000d5580000,0x00000000d5600000)
  from space 1024K, 56% used [0x00000000d5800000,0x00000000d588f8a8,0x00000000d5900000)
  to   space 1024K, 0% used [0x00000000d5700000,0x00000000d5700000,0x00000000d5800000)
 ParOldGen       total 197120K, used 197072K [0x0000000080000000, 0x000000008c080000, 0x00000000d5580000)
  object space 197120K, 99% used [0x0000000080000000,0x000000008c0743a0,0x000000008c080000)
 Metaspace       used 68039K, committed 69504K, reserved 1114112K
  class space    used 7161K, committed 7808K, reserved 1048576K
}
Event: 26.149 GC heap before
{Heap before GC invocations=294 (full 3):
 PSYoungGen      total 1536K, used 1086K [0x00000000d5580000, 0x00000000d5900000, 0x0000000100000000)
  eden space 512K, 100% used [0x00000000d5580000,0x00000000d5600000,0x00000000d5600000)
  from space 1024K, 56% used [0x00000000d5800000,0x00000000d588f8a8,0x00000000d5900000)
  to   space 1024K, 0% used [0x00000000d5700000,0x00000000d5700000,0x00000000d5800000)
 ParOldGen       total 197120K, used 197072K [0x0000000080000000, 0x000000008c080000, 0x00000000d5580000)
  object space 197120K, 99% used [0x0000000080000000,0x000000008c0743a0,0x000000008c080000)
 Metaspace       used 68040K, committed 69504K, reserved 1114112K
  class space    used 7161K, committed 7808K, reserved 1048576K
}
Event: 26.152 GC heap after
{Heap after GC invocations=294 (full 3):
 PSYoungGen      total 2560K, used 416K [0x00000000d5580000, 0x00000000d5880000, 0x0000000100000000)
  eden space 1536K, 0% used [0x00000000d5580000,0x00000000d5580000,0x00000000d5700000)
  from space 1024K, 40% used [0x00000000d5700000,0x00000000d5768000,0x00000000d5800000)
  to   space 512K, 0% used [0x00000000d5800000,0x00000000d5800000,0x00000000d5880000)
 ParOldGen       total 197632K, used 197490K [0x0000000080000000, 0x000000008c100000, 0x00000000d5580000)
  object space 197632K, 99% used [0x0000000080000000,0x000000008c0dca40,0x000000008c100000)
 Metaspace       used 68040K, committed 69504K, reserved 1114112K
  class space    used 7161K, committed 7808K, reserved 1048576K
}
Event: 26.237 GC heap before
{Heap before GC invocations=295 (full 3):
 PSYoungGen      total 2560K, used 1945K [0x00000000d5580000, 0x00000000d5880000, 0x0000000100000000)
  eden space 1536K, 99% used [0x00000000d5580000,0x00000000d56fe5e0,0x00000000d5700000)
  from space 1024K, 40% used [0x00000000d5700000,0x00000000d5768000,0x00000000d5800000)
  to   space 512K, 0% used [0x00000000d5800000,0x00000000d5800000,0x00000000d5880000)
 ParOldGen       total 197632K, used 197490K [0x0000000080000000, 0x000000008c100000, 0x00000000d5580000)
  object space 197632K, 99% used [0x0000000080000000,0x000000008c0dca40,0x000000008c100000)
 Metaspace       used 68159K, committed 69632K, reserved 1114112K
  class space    used 7167K, committed 7808K, reserved 1048576K
}
Event: 26.240 GC heap after
{Heap after GC invocations=295 (full 3):
 PSYoungGen      total 2048K, used 384K [0x00000000d5580000, 0x00000000d5880000, 0x0000000100000000)
  eden space 1536K, 0% used [0x00000000d5580000,0x00000000d5580000,0x00000000d5700000)
  from space 512K, 75% used [0x00000000d5800000,0x00000000d5860000,0x00000000d5880000)
  to   space 512K, 0% used [0x00000000d5780000,0x00000000d5780000,0x00000000d5800000)
 ParOldGen       total 198144K, used 197794K [0x0000000080000000, 0x000000008c180000, 0x00000000d5580000)
  object space 198144K, 99% used [0x0000000080000000,0x000000008c128a40,0x000000008c180000)
 Metaspace       used 68159K, committed 69632K, reserved 1114112K
  class space    used 7167K, committed 7808K, reserved 1048576K
}

